[2024-08-26 20:08:30.482] [info]  Server init() port number is 
[2024-08-26 20:08:30.485] [info]  File does not exist.
[2024-08-26 20:08:30.485] [info]  Fail to retrieve port number from file.
[2024-08-26 20:08:31.488] [info]  Server init() port number is 
[2024-08-26 20:08:31.489] [info]  File does not exist.
[2024-08-26 20:08:31.490] [info]  Fail to retrieve port number from file.
[2024-08-26 20:08:32.492] [info]  Server init() port number is 
[2024-08-26 20:08:32.493] [info]  File does not exist.
[2024-08-26 20:08:32.494] [info]  Fail to retrieve port number from file.
[2024-08-26 20:08:33.496] [info]  initWebSocket port is 
[2024-08-26 20:08:33.652] [info]  WindowManager handlePossibleProtocolLauncherArgs argv=["/opt/forticlient/gui/FortiClient-linux-x64/FortiClient"]
[2024-08-26 20:08:33.652] [info]  WindowManager handleCreateMainWindow
[2024-08-26 20:08:33.660] [info]  MAIN MainWindow - createWindow Platform detected: fedora
[2024-08-26 20:08:33.666] [info]  web-contents-created contents.id=1
[2024-08-26 20:08:33.683] [info]  Saml - init
[2024-08-26 20:08:33.683] [info]  Saml - listenSamlLoginRequest
[2024-08-26 20:08:33.684] [info]  Server init() port number is 
[2024-08-26 20:08:33.684] [info]  Fail to retrieve port number from file.
[2024-08-26 20:08:34.687] [info]  Server init() port number is 45167
[2024-08-26 20:08:34.867] [info]  compliance configDir=/home/amy/.config/FortiClient/config
[2024-08-26 20:08:34.869] [info]  MAIN did-finish-load
[2024-08-26 20:08:34.875] [info]  MAIN ready-to-show
[2024-08-26 20:08:39.000] [info]  IPC_RENDERER_REQUEST.LOADED
[2024-08-26 20:08:39.000] [info]  WindowManager handleWindowLoaded
[2024-08-26 20:08:39.501] [info]  WindowManager handlePossibleProtocolLauncherArgs argv=["/opt/forticlient/gui/FortiClient-linux-x64/FortiClient"]
[2024-08-26 20:08:39.502] [info]  WindowManager handleCreateMainWindow
[2024-08-26 20:09:52.985] [info]  VpnHandler UNHANDLED {"isTrusted":true}
[2024-08-26 20:11:18.262] [info]  WindowManager WindowManager - handleWindowClosed
[2024-08-26 20:11:18.263] [info]  WindowManager WindowManager - all windows are destroyed. quit the app.
